01136H 01137A 01137B
01137H 01138A 01138B
01138H 01139A 01139B
01139H 01140A 01140B
01141A 01141B
01141D 01141E 01141F
01142D 01142E 01142F
01143D 01143E 01143F
01144D 01144E 01144F
01145D 01145E 01145F
01146D 01146E 01146F
01147D 01147E 01147F
01148D
01149H 01150A 01150B
01150H 01151A 01151B
01151H 01152A 01152B
01152H 01153A 01153B
01153H 01154A 01154B
01154H 01155A 01155B
01155H 01156A 01156B
01156F
01157A
01157D 01157E 01157F
01158D 01158E 01158F
01159D 01159E 01159F
01160D 01160E 01160F
01161D 01161E 01161F
01162D 01162E 01162F
01163D 01163E 01163F
01164H
01165H 01166A 01166B
01166H 01167A 01167B
01167H 01168A 01168B
01168H 01169A 01169B
01169H 01170A 01170B
01170H 01171A 01171B
01172A 01172B
01172E 01172F
01173D 01173E 01173F
01174D 01174E 01174F
01175D 01175E 01175F
01176D 01176E 01176F
01177D 01177E 01177F
01178D 01178E 01178F
01179D 01179E
01180H 01181A 01181B
01181H 01182A 01182B
01182H 01183A 01183B
01183H 01184A 01184B
01184H 01185A 01185B
01185H 01186A 01186B
01186H 01187A 01187B
01188A
01188D 01188E 01188F
01189D 01189E 01189F
01190D 01190E 01190F
01191D 01191E 01191F
01192D 01192E 01192F
01193D 01193E 01193F
01194D 01194E 01194F
01195H
01196H 01197A 01197B
01197H 01198A 01198B
01198H 01199A 01199B
01199H 01200A 01200B
01200H 01201A 01201B
01201H 01202A 01202B
01202H 01203A 01203B
01203E 01203F
01204D 01204E 01204F
01205D 01205E 01205F
01206D 01206E 01206F
01207D 01207E 01207F
01208D 01208E 01208F
01209D 01209E 01209F
01210D 01210E
01211H
01212B
01212H 01213A 01213B
01213H 01214A 01214B
01214H 01215A 01215B
01215H 01216A 01216B
01216H 01217A 01217B
01217H 01218A 01218B
01219A 01219B
01219D 01219E 01219F
01220D 01220E 01220F
01221D 01221E 01221F
01222D 01222E 01222F
01223D 01223E 01223F
01224D 01224E 01224F
01225D 01225E 01225F
01226H
01227H 01228A 01228B
01228H 01229A 01229B
01229H 01230A 01230B
01230H 01231A 01231B
01231H 01232A 01232B
01232H 01233A 01233B
01233H 01234A 01234B
01234E 01234F
01235D 01235E 01235F
01236D 01236E 01236F
01237D 01237E 01237F
01238D 01238E 01238F
01239D 01239E 01239F
01240D 01240E 01240F
01241D 01241E
01242H
01243B
01243H 01244A 01244B
01244H 01245A 01245B
01245H 01246A 01246B
01246H 01247A 01247B
01247H 01248A 01248B
01248H 01249A 01249B
01250A 01250B
01250D 01250E 01250F
01251D 01251E 01251F
01252D 01252E 01252F
01253D 01253E 01253F
01254D 01254E 01254F
01255D 01255E 01255F
01256D 01256E 01256F
01258H 01259A 01259B
01259H 01260A 01260B
01260H 01261A 01261B
01261H 01262A 01262B
01262H 01263A 01263B
01263H 01264A 01264B
01264H 01265A 01265B
01265E 01265F
01266A
01266D 01266E 01266F
01267D 01267E 01267F
01268D 01268E 01268F
01269D 01269E 01269F
01270D 01270E 01270F
01271D 01271E 01271F
01272D 01272E
01273H
01274H 01275A 01275B
01275H 01276A 01276B
01276H 01277A 01277B
01277H 01278A 01278B
01278H 01279A 01279B
01279H 01280A 01280B
01281A 01281B
01281D 01281E 01281F
01282D 01282E 01282F
01283D 01283E 01283F
01284D 01284E 01284F
01285E 01285F
01286D 01286E 01286F
01287D 01287E 01287F
01288D
01289H 01290A 01290B
01290H 01291A 01291B
01291H 01292A 01292B
01292H 01293A 01293B
01293H 01294A 01294B
01294H 01295A 01295B
01295H 01296A 01296B
01296F
01297A
01297D 01297E 01297F
01298D 01298E 01298F
01299D 01299E 01299F
01300D 01300E 01300F
01301D 01301E 01301F
01302D 01302E 01302F
01303D 01303E 01303F
01304H
01305H 01306A 01306B
01306H 01307A 01307B
01307H 01308A 01308B
01308H 01309A 01309B
01309H 01310A 01310B
01310H 01311A 01311B
01312A 01312B
01312E 01312F
01313D 01313E 01313F
01314D 01314E 01314F
01315D 01315E 01315F
01316D 01316E 01316F
01317D 01317E 01317F
01318D 01318E 01318F
01319D 01319E
01320H 01321A 01321B
01321H 01322A 01322B
01323H 01324A 01324B
01324H 01325A 01325B
01325H 01326A 01326B
01326H 01327A 01327B
01328A
01328D 01328E 01328F
01329D 01329E 01329F
01330D 01330E 01330F
01331D 01331E 01331F
01332E 01332F
01333D 01333E 01333F
01334D 01334E 01334F
01335H
01336H 01337A 01337B
01337H 01338A 01338B
01338H 01339A 01339B
01339H 01340A 01340B
01340H 01341A 01341B
01341H 01342A 01342B
01342H 01343A 01343B
01343E 01343F
01344D 01344E 01344F
01345D 01345E 01345F
01346D 01346E 01346F
01347D 01347E 01347F
01348D 01348E 01348F
01349D 01349E 01349F
01350D 01350E
01351H
01352B
01352H 01353A 01353B
01353H 01354A 01354B
01354H 01355A 01355B
01355H 01356A 01356B
01356H 01357A 01357B
01357H 01358A 01358B
01359A 01359B
01359D 01359E 01359F
01360D 01360E 01360F
01361D 01361E 01361F
01362D 01362E 01362F
01363D 01363E 01363F
01364D 01364E 01364F
01365D 01365E 01365F
01366H
01367H 01368A 01368B
01368H 01369A 01369B
01369H 01370A 01370B
01370H 01371A 01371B
01371H 01372A 01372B
01372H 01373A 01373B
01373H 01374A 01374B
01374E 01374F
01375D 01375E 01375F
01376D 01376E 01376F
01377D 01377E 01377F
01378D 01378E 01378F
01379E 01379F
01380D 01380E 01380F
01381D 01381E
01382H
01383B
01383H 01384A 01384B
01384H 01385A 01385B
01385H 01386A 01386B
01386H 01387A 01387B
01387H 01388A 01388B
01388H 01389A 01389B
01390A 01390B
01390D 01390E 01390F
01391D 01391E 01391F
01392D 01392E 01392F
01393D 01393E 01393F
01394D 01394E 01394F
01395D 01395E 01395F
01396D 01396E 01396F
01398H 01399A 01399B
01399H 01400A 01400B
01400H 01401A 01401B
01401H 01402A 01402B
01402H 01403A 01403B
01403H 01404A 01404B
01404H 01405A 01405B
01405E 01405F
01406A
01406D 01406E 01406F
01407D 01407E 01407F
01409D 01409E 01409F
01410D 01410E 01410F
01411D 01411E 01411F
01412D 01412E
01413H
01414H 01415A 01415B
01415H 01416A 01416B
01416H 01417A 01417B
01417H 01418A 01418B
01418H 01419A 01419B
01419H 01420A 01420B
01421A 01421B
01421D 01421E 01421F
01422D 01422E 01422F
01423D 01423E 01423F
01424D 01424E 01424F
01454E 01454F
01455D 01455E 01455F
01456D 01456E 01456F
01457E 01457F
01458D 01458E 01458F
01459D 01459E
01460H 01461A 01461B
01461H 01462A 01462B
01462H 01463A 01463B
01463H 01464A 01464B
01464H 01465A 01465B
01465H 01466A 01466B
01466H 01467A 01467B
01468A
01468D 01468E 01468F
01469D 01469E 01469F
01470D 01470E 01470F
01471D 01471E 01471F
01472D 01472E 01472F
01473D 01473E 01473F
01474D 01474E 01474F
01475H
01476H 01477A 01477B
01477H 01478A 01478B
01478H 01479A 01479B
01479H 01480A 01480B
01480H 01481A 01481B
01481H 01482A 01482B
01482H 01483A 01483B
01483E 01483F
01484D 01484E 01484F
01485D 01485E 01485F
01486D 01486E 01486F
01487D 01487E 01487F
01488D 01488E 01488F
01489D 01489E 01489F
01490D 01490E
01491H
01492B
01492H 01493A 01493B
01493H 01494A 01494B
01494H 01495A 01495B
01495H 01496A 01496B
01496H 01497A 01497B
01497H 01498A 01498B
01499A 01499B
01499D 01499E 01499F
01500D 01500E 01500F
01519E 01519F
01520D 01520E 01520F
01521D 01521E
01522H
01523H 01524A 01524B
01524H 01525A 01525B
01525H 01526A 01526B
01526H 01527A 01527B
01527H 01528A 01528B
01528H 01529A 01529B
01530A 01530B
01530D 01530E 01530F
01531D 01531E 01531F
01532D 01532E 01532F
01533D 01533E 01533F
01534D 01534E 01534F
01535D 01535E 01535F
01536D 01536E 01536F
01537D
01538H 01539A 01539B
01539H 01540A 01540B
01540H 01541A 01541B
01541H 01542A 01542B
01542H 01543A 01543B
01543H 01544A 01544B
01544H 01545A 01545B
01545F
01546A
01546D 01546E 01546F
01547D 01547E 01547F
01548D 01548E 01548F
01549D 01549E 01549F
01550F
01551D 01551E 01551F
01552D 01552E 01552F
01553H
01554H 01555A 01555B
01555H 01556A 01556B
01556H 01557A 01557B
01557H 01558A 01558B
01558H 01559A 01559B
01559H 01560A 01560B
01561A 01561B
01561D 01561E 01561F
01562D 01562E 01562F
01563D 01563E 01563F
01564D 01564E 01564F
01565D 01565E 01565F
01566D 01566E 01566F
01567D 01567E 01567F
01568D
01569H 01570A 01570B
01570H 01571A 01571B
01571H 01572A 01572B
01572H 01573A 01573B
01573H 01574A 01574B
01574H 01575A 01575B
01575H 01576A 01576B
01576F
01577A
01577D 01577E 01577F
01578D 01578E 01578F
01579D 01579E 01579F
01580D 01580E 01580F
01581D 01581E 01581F
01582D 01582E 01582F
01583D 01583E 01583F
01584H
01585H 01586A 01586B
01586H 01587A 01587B
01587H 01588A 01588B
01588H 01589A 01589B
01589H 01590A 01590B
01590H 01591A 01591B
01592A 01592B
01592E 01592F
01593D 01593E 01593F
01594D 01594E 01594F
01595D 01595E 01595F
01596D 01596E 01596F
01597D 01597E 01597F
01598D 01598E 01598F
01599D 01599E
01600H 01601A 01601B
01601H 01602A 01602B
01602H 01603A 01603B
01603H 01604A 01604B
01604H 01605A 01605B
01605H 01606A 01606B
01606H 01607A 01607B
01608A 01608B
01608D 01608E 01608F
01609D 01609E 01609F
01610D 01610E 01610F
01611D 01611E 01611F
01612D 01612E 01612F
01613D 01613E 01613F
01614D 01614E 01614F
01615H
01616H 01617A 01617B
01617H 01618A 01618B
01618H 01619A 01619B
01619H 01620A 01620B
01620H 01621A 01621B
01621H 01622A 01622B
01622H 01623A 01623B
01623E 01623F
01624D 01624E 01624F
01625E 01625F
01626D 01626E 01626F
01627D 01627E 01627F
01628D 01628E 01628F
01629D 01629E 01629F
01630D 01630E
01631H
01632B
01632H 01633A 01633B
01633H 01634A 01634B
01634H 01635A 01635B
01635H 01636A 01636B
01636H 01637A 01637B
01637H 01638A 01638B
01639A 01639B
01639D 01639E 01639F
01640E 01640F
01641D 01641E 01641F
01642D 01642E 01642F
01643D 01643E 01643F
01644D 01644E 01644F
01645D 01645E 01645F
01647H 01648A 01648B
01648H 01649A 01649B
01649H 01650A 01650B
01654E 01654F
01655A
01655D 01655E 01655F
01656E 01656F
01657D 01657E 01657F
01658D 01658E 01658F
01659D 01659E 01659F
01664H 01665A 01665B
01665H 01666A 01666B
01666H 01667A 01667B
01667H 01668A 01668B
01668H 01669A 01669B
01670A 01670B
01670D 01670E 01670F
01671D 01671E 01671F
01672D 01672E 01672F
01673E 01673F
01674D 01674E 01674F
01675D 01675E 01675F
01676D 01676E 01676F
01677D
01678H 01679A 01679B
01679H 01680A 01680B
01680H 01681A 01681B
01681H 01682A 01682B
01682H 01683A 01683B
01683H 01684A 01684B
01684H 01685A 01685B
01685F
01686A
01686D 01686E 01686F
01687D 01687E 01687F
01688D 01688E 01688F
01689D 01689E 01689F
01690D 01690E 01690F
01691D 01691E 01691F
01692D 01692E 01692F
01693H
01694H 01695A 01695B
01695H 01696A 01696B
01696H 01697A 01697B
01697H 01698A 01698B
01698H 01699A 01699B
01699H 01700A 01700B
01701A 01701B
01701E 01701F
01702D 01702E 01702F
01703D 01703E 01703F
01704D 01704E 01704F
01705D 01705E 01705F
01706D 01706E 01706F
01707D 01707E 01707F
01708D 01708E
01709H 01710A 01710B
01710H 01711A 01711B
01711H 01712A 01712B
01712H 01713A 01713B
01713H 01714A 01714B
01714H 01715A 01715B
01715H 01716A 01716B
01717A
01717D 01717E 01717F
01718D 01718E 01718F
01719D 01719E 01719F
01720D 01720E 01720F
01721D 01721E 01721F
01722D 01722E 01722F
01723D 01723E 01723F
01724H
01725H 01726A 01726B
01726H 01727A 01727B
01727H 01728A 01728B
01728H 01729A 01729B
01729H 01730A 01730B
01730H 01731A 01731B
01731H 01732A 01732B
01732E 01732F
01733D 01733E 01733F
01734D 01734E 01734F
01735D 01735E 01735F
01736D 01736E 01736F
01737D 01737E 01737F
01738D 01738E 01738F
01739D 01739E
01740H
01741B
01741H 01742A 01742B
01742H 01743A 01743B
01743H 01744A 01744B
01744H 01745A 01745B
01745H 01746A 01746B
01746H 01747A 01747B
01748A 01748B
01748D 01748E 01748F
01749D 01749E 01749F
01750D 01750E 01750F
01751D 01751E 01751F
01752D 01752E 01752F
01753D 01753E 01753F
01754D 01754E 01754F
01755H
01756H 01757A 01757B
01757H 01758A 01758B
01758H 01759A 01759B
01759H 01760A 01760B
01760H 01761A 01761B
01761H 01762A 01762B
01762H 01763A 01763B
01763E 01763F
01764D 01764E 01764F
01765D 01765E 01765F
01766D 01766E 01766F
01767D 01767E 01767F
01768D 01768E 01768F
01769D 01769E 01769F
01770D 01770E
01771H
01772B
01772H 01773A 01773B
01773H 01774A 01774B
01774H 01775A 01775B
01779A 01779B
01779D 01779E 01779F
01780D 01780E 01780F
01781D 01781E 01781F
01782D 01782E 01782F
01783D 01783E 01783F
01784D 01784E 01784F
01785D 01785E 01785F
01787H 01788A 01788B
01788H 01789A 01789B
01789H 01790A 01790B
01790H 01791A 01791B
01791H 01792A 01792B
01792H 01793A 01793B
01793H 01794A 01794B
01794E 01794F
01795A
01795D 01795E 01795F
01828F
01829E 01829F
01830D 01830E 01830F
01831D 01831E 01831F
01832D 01832E 01832F
01833H
01834H 01835A 01835B
01835H 01836A 01836B
01836H 01837A 01837B
01837H 01838A 01838B
01838H 01839A 01839B
01839H 01840A 01840B
01841A 01841B
01841E 01841F
01842D 01842E 01842F
01843D 01843E 01843F
01844D 01844E 01844F
01845D 01845E 01845F
01846D 01846E 01846F
01847D 01847E 01847F
01848D 01848E
01849H 01850A 01850B
01850H 01851A 01851B
01851H 01852A 01852B
01852H 01853A 01853B
01853H 01854A 01854B
01854H 01855A 01855B
01855H 01856A 01856B
01857A
01857D 01857E 01857F
01858D 01858E 01858F
01859D 01859E 01859F
01860D 01860E 01860F
01861D 01861E 01861F
01862D 01862E 01862F
01863D 01863E 01863F
01864H
01865H 01866A 01866B
01866H 01867A 01867B
01867H 01868A 01868B
01868H 01869A 01869B
01869H 01870A 01870B
01870H 01871A 01871B
01871H 01872A 01872B
01872E 01872F
01873D 01873E 01873F
01874D 01874E 01874F
01875D 01875E 01875F
01876D 01876E 01876F
01877D 01877E 01877F
01878D 01878E 01878F
01879D 01879E
01880H
01881B
01881H 01882A 01882B
01882H 01883A 01883B
01883H 01884A 01884B
01884H 01885A 01885B
01885H 01886A 01886B
01886H 01887A 01887B
01888A 01888B
01888D 01888E 01888F
01889D 01889E 01889F
01890D 01890E 01890F
01891D 01891E 01891F
01892D 01892E 01892F
01893D 01893E 01893F
01894D 01894E 01894F
01895H
01896H 01897A 01897B
01897H 01898A 01898B
01898H 01899A 01899B
01899H 01900A 01900B
01900H 01901A 01901B
01901H 01902A 01902B
01902H 01903A 01903B
01903E 01903F
01904D 01904E 01904F
01905D 01905E 01905F
01906D 01906E 01906F
01907D 01907E 01907F
01908D 01908E 01908F
01909D 01909E 01909F
01910D 01910E
01911H
01912H 01913A 01913B
01913H 01914A 01914B
01914H 01915A 01915B
01915H 01916A 01916B
01916H 01917A 01917B
01917H 01918A 01918B
01919A 01919B
01919D 01919E 01919F
01920D 01920E 01920F
01921D 01921E 01921F
01922D 01922E 01922F
01923D 01923E 01923F
01924D 01924E 01924F
01925D 01925E 01925F
01926D
01927H 01928A 01928B
01928H 01929A 01929B
01929H 01930A 01930B
01930H 01931A 01931B
01931H 01932A 01932B
01932H 01933A 01933B
01933H 01934A 01934B
01934F
01935A
01935D 01935E 01935F
01936D 01936E 01936F
01937D 01937E 01937F
01938D 01938E 01938F
01939D 01939E 01939F
01940D 01940E 01940F
01941D 01941E 01941F
01942H
01943H 01944A 01944B
01944H 01945A 01945B
